<?xml version="1.0" encoding="UTF-8"?>
<!-- Generated by org.testng.reporters.JUnitXMLReporter -->
<testsuite hostname="USERCHI-66SNOKV" ignored="0" name="module1" tests="2" failures="0" timestamp="04 五月 2018 03:57:45 GMT" time="61.783" errors="0">
  <testcase name="loginAndLogout" time="15.105" classname="com.yoyotesting.selenium3maven.LoginAndLogoutTestNG"/>
  <testcase name="openWebSite" time="4.561" classname="com.yoyotesting.selenium3maven.OpenWebsiteTestNG"/>
</testsuite> <!-- module1 -->
