<?xml version="1.0" encoding="UTF-8"?>
<!-- Generated by org.testng.reporters.JUnitXMLReporter -->
<testsuite hostname="USERCHI-66SNOKV" ignored="0" name="module2" tests="2" failures="0" timestamp="04 五月 2018 03:58:46 GMT" time="61.026" errors="0">
  <testcase name="openWebSite" time="4.131" classname="com.yoyotesting.selenium3maven.OpenWebsiteTestNG"/>
  <testcase name="loginAndLogout" time="16.448" classname="com.yoyotesting.selenium3maven.LoginAndLogoutTestNG"/>
</testsuite> <!-- module2 -->
