<?xml version="1.0" encoding="UTF-8"?>
<!-- Generated by org.testng.reporters.JUnitXMLReporter -->
<testsuite hostname="USERCHI-66SNOKV" ignored="0" name="Test2" tests="3" failures="0" timestamp="05 五月 2018 01:16:24 GMT" time="0.016" errors="0">
  <testcase name="testMethod3" time="0.001" classname="com.yoyotesting.selenium3maven.TestAnotationSuite"/>
  <testcase name="testMethod1" time="0.002" classname="com.yoyotesting.selenium3maven.TestAnotationClass"/>
  <testcase name="testMethod2" time="0.001" classname="com.yoyotesting.selenium3maven.TestAnotationClass"/>
</testsuite> <!-- Test2 -->
