<?xml version="1.0" encoding="UTF-8"?>
<!-- Generated by org.testng.reporters.JUnitXMLReporter -->
<testsuite hostname="SC-202012051647" ignored="0" name="回归测试组" tests="3" failures="0" timestamp="2021-09-12T19:52:03 CST" time="0.072" errors="0">
  <testcase name="openWebSite" time="0.0" classname="com.yoyotesting.startwithonebrowser.OpenWebsiteTestNG">
    <skipped/>
  </testcase> <!-- openWebSite -->
  <testcase name="loginAndLogout" time="0.0" classname="com.yoyotesting.startwithonebrowser.LoginAndLogoutTestNG">
    <skipped/>
  </testcase> <!-- loginAndLogout -->
  <testcase name="openWebSite2" time="0.001" classname="com.yoyotesting.startwithonebrowser.OpenWebsiteTestNG2">
    <skipped/>
  </testcase> <!-- openWebSite2 -->
</testsuite> <!-- 回归测试组 -->
