<?xml version="1.0" encoding="UTF-8"?>
<!-- Generated by org.testng.reporters.JUnitXMLReporter -->
<testsuite hostname="USERCHI-66SNOKV" ignored="0" name="回归测试组" tests="3" failures="1" timestamp="20 五月 2018 14:01:24 GMT" time="15.226" errors="0">
  <testcase name="openWebSite" time="7.083" classname="com.yoyotesting.startwithonebrowser.OpenWebsiteTestNG"/>
  <testcase name="loginAndLogout" time="1.114" classname="com.yoyotesting.startwithonebrowser.LoginAndLogoutTestNG">
    <failure type="java.lang.AssertionError" message="expected [泛微移动办公云OA(eteams)：一体化的团队协作移动办公云平台1] but found [泛微移动办公云OA(eteams)：一体化的团队协作移动办公云平台]">
      <![CDATA[java.lang.AssertionError: expected [泛微移动办公云OA(eteams)：一体化的团队协作移动办公云平台1] but found [泛微移动办公云OA(eteams)：一体化的团队协作移动办公云平台]at com.yoyotesting.startwithonebrowser.LoginAndLogoutTestNG.loginAndLogout(LoginAndLogoutTestNG.java:28)... Removed 35 stack frames]]>
    </failure>
  </testcase> <!-- loginAndLogout -->
  <testcase name="openWebSite2" time="7.009" classname="com.yoyotesting.startwithonebrowser.OpenWebsiteTestNG2"/>
</testsuite> <!-- 回归测试组 -->
