<?xml version="1.0" encoding="UTF-8"?>
<testsuite xmlns:xsi="http://www.w3.org/2001/XMLSchema-instance" xsi:noNamespaceSchemaLocation="https://maven.apache.org/surefire/maven-surefire-plugin/xsd/surefire-test-report.xsd" name="TestSuite" time="40.924" tests="4" errors="0" skipped="0" failures="1">
  <properties>
[...]
</properties>
  <testcase name="openWebSite" classname="com.yoyotesting.startwithonebrowser.OpenWebsiteTestNG" time="4.22"/>
  <testcase name="openWebSite" classname="com.yoyotesting.startwithonebrowser.OpenWebsiteTestNG" time="7.083"/>
  <testcase name="loginAndLogout" classname="com.yoyotesting.startwithonebrowser.LoginAndLogoutTestNG" time="1.13">
    <failure message="expected [泛微移动办公云OA(eteams)：一体化的团队协作移动办公云平台1] but found [泛微移动办公云OA(eteams)：一体化的团队协作移动办公云平台]" type="java.lang.AssertionError">java.lang.AssertionError: expected [泛微移动办公云OA(eteams)：一体化的团队协作移动办公云平台1] but found [泛微移动办公云OA(eteams)：一体化的团队协作移动办公云平台]
	at com.yoyotesting.startwithonebrowser.LoginAndLogoutTestNG.loginAndLogout(LoginAndLogoutTestNG.java:28)
</failure>
  </testcase>
  <testcase name="openWebSite2" classname="com.yoyotesting.startwithonebrowser.OpenWebsiteTestNG2" time="7.01"/>
</testsuite>